<?xml version="1.0" encoding="UTF-8"?>
<!-- Generated by org.testng.reporters.JUnitReportReporter -->
<testsuite hostname="ravis-MacBook-Pro.local" name="twc.Automation.SmokeTestCases.somkeTestCases" tests="1" failures="0" timestamp="26 May 2016 13:57:14 GMT" time="62.810" errors="0">
  <testcase name="Factual_Test_Case_Using_Charles" time="62.810" classname="twc.Automation.SmokeTestCases.somkeTestCases"/>
</testsuite> <!-- twc.Automation.SmokeTestCases.somkeTestCases -->
